<?xml version="1.0" encoding="UTF-8"?>
<!-- Generated by org.testng.reporters.JUnitReportReporter -->
<testsuite skipped="0" hostname="DESKTOP-INQUNRP" name="singletoConceptInSelenium.CallSingletonDriver" tests="1" failures="0" timestamp="2021-06-26T14:34:53 EDT" time="9.111" errors="0">
  <testcase name="titleTest" time="9.111" classname="singletoConceptInSelenium.CallSingletonDriver"/>
</testsuite> <!-- singletoConceptInSelenium.CallSingletonDriver -->
