<?xml version="1.0" encoding="UTF-8"?>
<!-- Generated by org.testng.reporters.JUnitReportReporter -->
<testsuite skipped="0" hostname="DESKTOP-INQUNRP" name="singletonConceptInFrameWork.TitleAndUrlTest" tests="2" failures="0" timestamp="2021-06-27T18:37:34 EDT" time="0.591" errors="0">
  <testcase name="titleTest" time="0.577" classname="singletonConceptInFrameWork.TitleAndUrlTest"/>
  <testcase name="urlTest" time="0.014" classname="singletonConceptInFrameWork.TitleAndUrlTest"/>
</testsuite> <!-- singletonConceptInFrameWork.TitleAndUrlTest -->
