<?xml version="1.0" encoding="UTF-8"?>
<!-- Generated by org.testng.reporters.JUnitReportReporter -->
<testsuite skipped="0" hostname="DESKTOP-INQUNRP" name="singletonDoubleLockingConceptInFrameWork.TitleAndUrlTest" tests="2" failures="0" timestamp="2021-06-27T18:28:40 EDT" time="1.693" errors="0">
  <testcase name="titleTest" time="0.785" classname="singletonDoubleLockingConceptInFrameWork.TitleAndUrlTest"/>
  <testcase name="urlTest" time="0.908" classname="singletonDoubleLockingConceptInFrameWork.TitleAndUrlTest"/>
</testsuite> <!-- singletonDoubleLockingConceptInFrameWork.TitleAndUrlTest -->
