<?xml version="1.0" encoding="UTF-8"?>
<!-- Generated by org.testng.reporters.JUnitReportReporter -->
<testsuite skipped="0" hostname="DESKTOP-INQUNRP" name="singletonConceptInFrameWork.BaseTest" tests="1" failures="0" timestamp="2021-06-26T15:05:33 EDT" time="0.017" errors="0">
  <testcase name="titleTest" time="0.017" classname="singletonConceptInFrameWork.BaseTest"/>
</testsuite> <!-- singletonConceptInFrameWork.BaseTest -->
